[0.547s] Invoking command in '/home/anvita/myros2_ws/src/talker_listener': PYTHONPATH=/home/anvita/myros2_ws/build/talker_listener/prefix_override:/usr/lib/python3/dist-packages/colcon_core/task/python/colcon_distutils_commands:/home/anvita/myros2_ws/install/talker_listener/lib/python3.10/site-packages:${PYTHONPATH} /usr/bin/python3 -W ignore:setup.py install is deprecated -W ignore:easy_install command is deprecated setup.py egg_info --egg-base ../../build/talker_listener build --build-base /home/anvita/myros2_ws/build/talker_listener/build install --record /home/anvita/myros2_ws/build/talker_listener/install.log --single-version-externally-managed install_data
[0.744s] running egg_info
[0.744s] creating ../../build/talker_listener/talker_listener.egg-info
[0.744s] writing ../../build/talker_listener/talker_listener.egg-info/PKG-INFO
[0.744s] writing dependency_links to ../../build/talker_listener/talker_listener.egg-info/dependency_links.txt
[0.745s] writing entry points to ../../build/talker_listener/talker_listener.egg-info/entry_points.txt
[0.745s] writing requirements to ../../build/talker_listener/talker_listener.egg-info/requires.txt
[0.745s] writing top-level names to ../../build/talker_listener/talker_listener.egg-info/top_level.txt
[0.745s] writing manifest file '../../build/talker_listener/talker_listener.egg-info/SOURCES.txt'
[0.745s] reading manifest file '../../build/talker_listener/talker_listener.egg-info/SOURCES.txt'
[0.745s] writing manifest file '../../build/talker_listener/talker_listener.egg-info/SOURCES.txt'
[0.746s] running build
[0.746s] running install
[0.746s] running install_data
[0.746s] creating /home/anvita/myros2_ws/install/talker_listener/share/ament_index
[0.746s] creating /home/anvita/myros2_ws/install/talker_listener/share/ament_index/resource_index
[0.746s] creating /home/anvita/myros2_ws/install/talker_listener/share/ament_index/resource_index/packages
[0.746s] copying resource/talker_listener -> /home/anvita/myros2_ws/install/talker_listener/share/ament_index/resource_index/packages
[0.746s] copying package.xml -> /home/anvita/myros2_ws/install/talker_listener/share/talker_listener
[0.746s] running install_egg_info
[0.748s] Copying ../../build/talker_listener/talker_listener.egg-info to /home/anvita/myros2_ws/install/talker_listener/lib/python3.10/site-packages/talker_listener-0.0.0-py3.10.egg-info
[0.748s] running install_scripts
[0.762s] Installing listener script to /home/anvita/myros2_ws/install/talker_listener/lib/talker_listener
[0.762s] Installing talker script to /home/anvita/myros2_ws/install/talker_listener/lib/talker_listener
[0.762s] writing list of installed files to '/home/anvita/myros2_ws/build/talker_listener/install.log'
[0.780s] Invoked command in '/home/anvita/myros2_ws/src/talker_listener' returned '0': PYTHONPATH=/home/anvita/myros2_ws/build/talker_listener/prefix_override:/usr/lib/python3/dist-packages/colcon_core/task/python/colcon_distutils_commands:/home/anvita/myros2_ws/install/talker_listener/lib/python3.10/site-packages:${PYTHONPATH} /usr/bin/python3 -W ignore:setup.py install is deprecated -W ignore:easy_install command is deprecated setup.py egg_info --egg-base ../../build/talker_listener build --build-base /home/anvita/myros2_ws/build/talker_listener/build install --record /home/anvita/myros2_ws/build/talker_listener/install.log --single-version-externally-managed install_data
