[0.511s] Invoking command in '/home/anvita/myros2_ws/src/talker_listener': PYTHONPATH=/home/anvita/myros2_ws/build/talker_listener/prefix_override:/usr/lib/python3/dist-packages/colcon_core/task/python/colcon_distutils_commands:/home/anvita/myros2_ws/install/talker_listener/lib/python3.10/site-packages:${PYTHONPATH} /usr/bin/python3 -W ignore:setup.py install is deprecated -W ignore:easy_install command is deprecated setup.py egg_info --egg-base ../../build/talker_listener build --build-base /home/anvita/myros2_ws/build/talker_listener/build install --record /home/anvita/myros2_ws/build/talker_listener/install.log --single-version-externally-managed install_data
[0.704s] running egg_info
[0.704s] writing ../../build/talker_listener/talker_listener.egg-info/PKG-INFO
[0.704s] writing dependency_links to ../../build/talker_listener/talker_listener.egg-info/dependency_links.txt
[0.704s] writing entry points to ../../build/talker_listener/talker_listener.egg-info/entry_points.txt
[0.705s] writing requirements to ../../build/talker_listener/talker_listener.egg-info/requires.txt
[0.705s] writing top-level names to ../../build/talker_listener/talker_listener.egg-info/top_level.txt
[0.705s] reading manifest file '../../build/talker_listener/talker_listener.egg-info/SOURCES.txt'
[0.706s] writing manifest file '../../build/talker_listener/talker_listener.egg-info/SOURCES.txt'
[0.706s] running build
[0.706s] running build_py
[0.706s] creating /home/anvita/myros2_ws/build/talker_listener/build
[0.707s] creating /home/anvita/myros2_ws/build/talker_listener/build/lib
[0.707s] creating /home/anvita/myros2_ws/build/talker_listener/build/lib/talker_listener
[0.707s] copying talker_listener/listener.py -> /home/anvita/myros2_ws/build/talker_listener/build/lib/talker_listener
[0.707s] copying talker_listener/talker.py -> /home/anvita/myros2_ws/build/talker_listener/build/lib/talker_listener
[0.707s] copying talker_listener/__init__.py -> /home/anvita/myros2_ws/build/talker_listener/build/lib/talker_listener
[0.707s] running install
[0.707s] running install_lib
[0.707s] creating /home/anvita/myros2_ws/install/talker_listener/lib/python3.10/site-packages/talker_listener
[0.707s] copying /home/anvita/myros2_ws/build/talker_listener/build/lib/talker_listener/listener.py -> /home/anvita/myros2_ws/install/talker_listener/lib/python3.10/site-packages/talker_listener
[0.707s] copying /home/anvita/myros2_ws/build/talker_listener/build/lib/talker_listener/talker.py -> /home/anvita/myros2_ws/install/talker_listener/lib/python3.10/site-packages/talker_listener
[0.708s] copying /home/anvita/myros2_ws/build/talker_listener/build/lib/talker_listener/__init__.py -> /home/anvita/myros2_ws/install/talker_listener/lib/python3.10/site-packages/talker_listener
[0.708s] byte-compiling /home/anvita/myros2_ws/install/talker_listener/lib/python3.10/site-packages/talker_listener/listener.py to listener.cpython-310.pyc
[0.708s] byte-compiling /home/anvita/myros2_ws/install/talker_listener/lib/python3.10/site-packages/talker_listener/talker.py to talker.cpython-310.pyc
[0.708s] byte-compiling /home/anvita/myros2_ws/install/talker_listener/lib/python3.10/site-packages/talker_listener/__init__.py to __init__.cpython-310.pyc
[0.708s] running install_data
[0.708s] running install_egg_info
[0.709s] removing '/home/anvita/myros2_ws/install/talker_listener/lib/python3.10/site-packages/talker_listener-0.0.0-py3.10.egg-info' (and everything under it)
[0.709s] Copying ../../build/talker_listener/talker_listener.egg-info to /home/anvita/myros2_ws/install/talker_listener/lib/python3.10/site-packages/talker_listener-0.0.0-py3.10.egg-info
[0.710s] running install_scripts
[0.724s] Installing listener script to /home/anvita/myros2_ws/install/talker_listener/lib/talker_listener
[0.724s] Installing talker script to /home/anvita/myros2_ws/install/talker_listener/lib/talker_listener
[0.724s] writing list of installed files to '/home/anvita/myros2_ws/build/talker_listener/install.log'
[0.744s] Invoked command in '/home/anvita/myros2_ws/src/talker_listener' returned '0': PYTHONPATH=/home/anvita/myros2_ws/build/talker_listener/prefix_override:/usr/lib/python3/dist-packages/colcon_core/task/python/colcon_distutils_commands:/home/anvita/myros2_ws/install/talker_listener/lib/python3.10/site-packages:${PYTHONPATH} /usr/bin/python3 -W ignore:setup.py install is deprecated -W ignore:easy_install command is deprecated setup.py egg_info --egg-base ../../build/talker_listener build --build-base /home/anvita/myros2_ws/build/talker_listener/build install --record /home/anvita/myros2_ws/build/talker_listener/install.log --single-version-externally-managed install_data
